<?xml version="1.0" encoding="UTF-8"?>
<testsuite xmlns:xsi="http://www.w3.org/2001/XMLSchema-instance" xsi:noNamespaceSchemaLocation="https://maven.apache.org/surefire/maven-surefire-plugin/xsd/surefire-test-report-3.0.xsd" version="3.0" name="org.anagracetech.processors.customprocessor.MyProcessorTest" time="0.155" tests="1" errors="0" skipped="0" failures="0">
  <properties>
    <property name="gopherProxySet" value="false"/>
    <property name="awt.toolkit" value="sun.lwawt.macosx.LWCToolkit"/>
    <property name="file.encoding.pkg" value="sun.io"/>
    <property name="java.specification.version" value="1.8"/>
    <property name="sun.cpu.isalist" value=""/>
    <property name="sun.jnu.encoding" value="UTF-8"/>
    <property name="java.class.path" value="/Users/mac/Desktop/intellij-workspace/CustomProcessor2/nifi-customprocessor-processors/target/test-classes:/Users/mac/Desktop/intellij-workspace/CustomProcessor2/nifi-customprocessor-processors/target/classes:/Users/mac/.m2/repository/org/apache/nifi/nifi-api/1.17.0/nifi-api-1.17.0.jar:/Users/mac/.m2/repository/org/apache/nifi/nifi-utils/1.17.0/nifi-utils-1.17.0.jar:/Users/mac/.m2/repository/org/apache/nifi/nifi-mock/1.17.0/nifi-mock-1.17.0.jar:/Users/mac/.m2/repository/org/apache/nifi/nifi-framework-api/1.17.0/nifi-framework-api-1.17.0.jar:/Users/mac/.m2/repository/org/apache/nifi/nifi-parameter/1.17.0/nifi-parameter-1.17.0.jar:/Users/mac/.m2/repository/org/apache/nifi/nifi-framework-core-api/1.17.0/nifi-framework-core-api-1.17.0.jar:/Users/mac/.m2/repository/org/apache/nifi/nifi-framework-nar-utils/1.17.0/nifi-framework-nar-utils-1.17.0.jar:/Users/mac/.m2/repository/org/apache/nifi/nifi-runtime-manifest-core/1.17.0/nifi-runtime-manifest-core-1.17.0.jar:/Users/mac/.m2/repository/org/apache/nifi/nifi-extension-manifest-parser/1.17.0/nifi-extension-manifest-parser-1.17.0.jar:/Users/mac/.m2/repository/org/apache/nifi/nifi-client-dto/1.17.0/nifi-client-dto-1.17.0.jar:/Users/mac/.m2/repository/io/swagger/swagger-annotations/1.6.0/swagger-annotations-1.6.0.jar:/Users/mac/.m2/repository/org/apache/nifi/c2-protocol-component-api/1.17.0/c2-protocol-component-api-1.17.0.jar:/Users/mac/.m2/repository/org/apache/nifi/nifi-site-to-site-client/1.17.0/nifi-site-to-site-client-1.17.0.jar:/Users/mac/.m2/repository/org/apache/nifi/nifi-security-utils/1.17.0/nifi-security-utils-1.17.0.jar:/Users/mac/.m2/repository/org/apache/nifi/nifi-security-utils-api/1.17.0/nifi-security-utils-api-1.17.0.jar:/Users/mac/.m2/repository/org/bouncycastle/bcprov-jdk15on/1.70/bcprov-jdk15on-1.70.jar:/Users/mac/.m2/repository/org/bouncycastle/bcpkix-jdk15on/1.70/bcpkix-jdk15on-1.70.jar:/Users/mac/.m2/repository/org/bouncycastle/bcutil-jdk15on/1.70/bcutil-jdk15on-1.70.jar:/Users/mac/.m2/repository/org/apache/nifi/nifi-properties/1.17.0/nifi-properties-1.17.0.jar:/Users/mac/.m2/repository/org/apache/nifi/nifi-property-utils/1.17.0/nifi-property-utils-1.17.0.jar:/Users/mac/.m2/repository/at/favre/lib/bcrypt/0.9.0/bcrypt-0.9.0.jar:/Users/mac/.m2/repository/at/favre/lib/bytes/1.3.0/bytes-1.3.0.jar:/Users/mac/.m2/repository/org/apache/nifi/nifi-xml-processing/1.17.0/nifi-xml-processing-1.17.0.jar:/Users/mac/.m2/repository/org/apache/httpcomponents/httpclient/4.5.13/httpclient-4.5.13.jar:/Users/mac/.m2/repository/org/apache/httpcomponents/httpcore/4.4.15/httpcore-4.4.15.jar:/Users/mac/.m2/repository/org/apache/httpcomponents/httpasyncclient/4.1.4/httpasyncclient-4.1.4.jar:/Users/mac/.m2/repository/org/apache/httpcomponents/httpcore-nio/4.4.10/httpcore-nio-4.4.10.jar:/Users/mac/.m2/repository/org/apache/commons/commons-lang3/3.12.0/commons-lang3-3.12.0.jar:/Users/mac/.m2/repository/org/apache/nifi/nifi-framework-authorization/1.17.0/nifi-framework-authorization-1.17.0.jar:/Users/mac/.m2/repository/org/apache/nifi/registry/nifi-registry-data-model/1.17.0/nifi-registry-data-model-1.17.0.jar:/Users/mac/.m2/repository/javax/validation/validation-api/2.0.1.Final/validation-api-2.0.1.Final.jar:/Users/mac/.m2/repository/javax/ws/rs/javax.ws.rs-api/2.1/javax.ws.rs-api-2.1.jar:/Users/mac/.m2/repository/org/apache/nifi/registry/nifi-registry-revision-entity-model/1.17.0/nifi-registry-revision-entity-model-1.17.0.jar:/Users/mac/.m2/repository/org/apache/nifi/nifi-extension-manifest-model/1.17.0/nifi-extension-manifest-model-1.17.0.jar:/Users/mac/.m2/repository/org/apache/nifi/registry/nifi-registry-client/1.17.0/nifi-registry-client-1.17.0.jar:/Users/mac/.m2/repository/org/apache/nifi/registry/nifi-registry-security-utils/1.17.0/nifi-registry-security-utils-1.17.0.jar:/Users/mac/.m2/repository/org/glassfish/jersey/core/jersey-client/2.36/jersey-client-2.36.jar:/Users/mac/.m2/repository/jakarta/ws/rs/jakarta.ws.rs-api/2.1.6/jakarta.ws.rs-api-2.1.6.jar:/Users/mac/.m2/repository/org/glassfish/hk2/external/jakarta.inject/2.6.1/jakarta.inject-2.6.1.jar:/Users/mac/.m2/repository/org/glassfish/jersey/media/jersey-media-json-jackson/2.36/jersey-media-json-jackson-2.36.jar:/Users/mac/.m2/repository/org/glassfish/jersey/ext/jersey-entity-filtering/2.36/jersey-entity-filtering-2.36.jar:/Users/mac/.m2/repository/com/fasterxml/jackson/module/jackson-module-jaxb-annotations/2.13.3/jackson-module-jaxb-annotations-2.13.3.jar:/Users/mac/.m2/repository/jakarta/xml/bind/jakarta.xml.bind-api/2.3.3/jakarta.xml.bind-api-2.3.3.jar:/Users/mac/.m2/repository/jakarta/activation/jakarta.activation-api/1.2.1/jakarta.activation-api-1.2.1.jar:/Users/mac/.m2/repository/org/glassfish/jersey/inject/jersey-hk2/2.36/jersey-hk2-2.36.jar:/Users/mac/.m2/repository/org/glassfish/hk2/hk2-locator/2.6.1/hk2-locator-2.6.1.jar:/Users/mac/.m2/repository/org/glassfish/hk2/external/aopalliance-repackaged/2.6.1/aopalliance-repackaged-2.6.1.jar:/Users/mac/.m2/repository/org/glassfish/hk2/hk2-api/2.6.1/hk2-api-2.6.1.jar:/Users/mac/.m2/repository/org/glassfish/hk2/hk2-utils/2.6.1/hk2-utils-2.6.1.jar:/Users/mac/.m2/repository/org/javassist/javassist/3.25.0-GA/javassist-3.25.0-GA.jar:/Users/mac/.m2/repository/org/glassfish/jersey/core/jersey-common/2.36/jersey-common-2.36.jar:/Users/mac/.m2/repository/jakarta/annotation/jakarta.annotation-api/1.3.5/jakarta.annotation-api-1.3.5.jar:/Users/mac/.m2/repository/org/glassfish/hk2/osgi-resource-locator/1.0.3/osgi-resource-locator-1.0.3.jar:/Users/mac/.m2/repository/org/glassfish/jersey/media/jersey-media-multipart/2.36/jersey-media-multipart-2.36.jar:/Users/mac/.m2/repository/org/jvnet/mimepull/mimepull/1.9.13/mimepull-1.9.13.jar:/Users/mac/.m2/repository/org/apache/nifi/nifi-expression-language/1.17.0/nifi-expression-language-1.17.0.jar:/Users/mac/.m2/repository/org/antlr/antlr-runtime/3.5.2/antlr-runtime-3.5.2.jar:/Users/mac/.m2/repository/org/apache/nifi/nifi-uuid5/1.17.0/nifi-uuid5-1.17.0.jar:/Users/mac/.m2/repository/com/jayway/jsonpath/json-path/2.6.0/json-path-2.6.0.jar:/Users/mac/.m2/repository/net/minidev/json-smart/2.4.8/json-smart-2.4.8.jar:/Users/mac/.m2/repository/net/minidev/accessors-smart/2.4.8/accessors-smart-2.4.8.jar:/Users/mac/.m2/repository/org/ow2/asm/asm/9.1/asm-9.1.jar:/Users/mac/.m2/repository/com/fasterxml/jackson/core/jackson-databind/2.13.3/jackson-databind-2.13.3.jar:/Users/mac/.m2/repository/com/fasterxml/jackson/core/jackson-annotations/2.13.3/jackson-annotations-2.13.3.jar:/Users/mac/.m2/repository/com/fasterxml/jackson/core/jackson-core/2.13.3/jackson-core-2.13.3.jar:/Users/mac/.m2/repository/org/apache/commons/commons-text/1.8/commons-text-1.8.jar:/Users/mac/.m2/repository/org/apache/nifi/nifi-data-provenance-utils/1.17.0/nifi-data-provenance-utils-1.17.0.jar:/Users/mac/.m2/repository/org/slf4j/slf4j-simple/1.7.36/slf4j-simple-1.7.36.jar:/Users/mac/.m2/repository/org/slf4j/slf4j-api/1.7.36/slf4j-api-1.7.36.jar:/Users/mac/.m2/repository/org/junit/jupiter/junit-jupiter-api/5.8.2/junit-jupiter-api-5.8.2.jar:/Users/mac/.m2/repository/org/opentest4j/opentest4j/1.2.0/opentest4j-1.2.0.jar:/Users/mac/.m2/repository/org/junit/platform/junit-platform-commons/1.8.2/junit-platform-commons-1.8.2.jar:/Users/mac/.m2/repository/org/apiguardian/apiguardian-api/1.1.2/apiguardian-api-1.1.2.jar:/Users/mac/.m2/repository/org/junit/jupiter/junit-jupiter-engine/5.8.2/junit-jupiter-engine-5.8.2.jar:/Users/mac/.m2/repository/org/junit/platform/junit-platform-engine/1.8.2/junit-platform-engine-1.8.2.jar:/Users/mac/.m2/repository/org/apache/poi/poi/4.0.1/poi-4.0.1.jar:/Users/mac/.m2/repository/commons-codec/commons-codec/1.15/commons-codec-1.15.jar:/Users/mac/.m2/repository/org/apache/commons/commons-collections4/4.2/commons-collections4-4.2.jar:/Users/mac/.m2/repository/org/apache/commons/commons-math3/3.6.1/commons-math3-3.6.1.jar:/Users/mac/.m2/repository/org/junit/vintage/junit-vintage-engine/5.8.2/junit-vintage-engine-5.8.2.jar:/Users/mac/.m2/repository/junit/junit/4.13.2/junit-4.13.2.jar:/Users/mac/.m2/repository/org/hamcrest/hamcrest-core/1.3/hamcrest-core-1.3.jar:/Users/mac/.m2/repository/org/junit/jupiter/junit-jupiter-params/5.8.2/junit-jupiter-params-5.8.2.jar:/Users/mac/.m2/repository/org/mockito/mockito-core/3.11.2/mockito-core-3.11.2.jar:/Users/mac/.m2/repository/net/bytebuddy/byte-buddy/1.11.3/byte-buddy-1.11.3.jar:/Users/mac/.m2/repository/net/bytebuddy/byte-buddy-agent/1.11.3/byte-buddy-agent-1.11.3.jar:/Users/mac/.m2/repository/org/objenesis/objenesis/3.2/objenesis-3.2.jar:/Users/mac/.m2/repository/org/mockito/mockito-junit-jupiter/3.11.2/mockito-junit-jupiter-3.11.2.jar:/Users/mac/.m2/repository/org/codehaus/groovy/groovy-test/3.0.9/groovy-test-3.0.9.jar:/Users/mac/.m2/repository/org/codehaus/groovy/groovy/3.0.9/groovy-3.0.9.jar:"/>
    <property name="java.vm.vendor" value="Oracle Corporation"/>
    <property name="sun.arch.data.model" value="64"/>
    <property name="java.vendor.url" value="http://java.oracle.com/"/>
    <property name="user.timezone" value=""/>
    <property name="java.vm.specification.version" value="1.8"/>
    <property name="os.name" value="Mac OS X"/>
    <property name="user.country" value="GB"/>
    <property name="sun.java.launcher" value="SUN_STANDARD"/>
    <property name="sun.boot.library.path" value="/Library/Java/JavaVirtualMachines/jdk1.8.0_341.jdk/Contents/Home/jre/lib"/>
    <property name="sun.java.command" value="/Users/mac/Desktop/intellij-workspace/CustomProcessor2/nifi-customprocessor-processors/target/surefire/surefirebooter-20230108041119911_3.jar /Users/mac/Desktop/intellij-workspace/CustomProcessor2/nifi-customprocessor-processors/target/surefire 2023-01-08T04-11-14_865-jvmRun1 surefire-20230108041119911_1tmp surefire_0-20230108041119911_2tmp"/>
    <property name="surefire.test.class.path" value="/Users/mac/Desktop/intellij-workspace/CustomProcessor2/nifi-customprocessor-processors/target/test-classes:/Users/mac/Desktop/intellij-workspace/CustomProcessor2/nifi-customprocessor-processors/target/classes:/Users/mac/.m2/repository/org/apache/nifi/nifi-api/1.17.0/nifi-api-1.17.0.jar:/Users/mac/.m2/repository/org/apache/nifi/nifi-utils/1.17.0/nifi-utils-1.17.0.jar:/Users/mac/.m2/repository/org/apache/nifi/nifi-mock/1.17.0/nifi-mock-1.17.0.jar:/Users/mac/.m2/repository/org/apache/nifi/nifi-framework-api/1.17.0/nifi-framework-api-1.17.0.jar:/Users/mac/.m2/repository/org/apache/nifi/nifi-parameter/1.17.0/nifi-parameter-1.17.0.jar:/Users/mac/.m2/repository/org/apache/nifi/nifi-framework-core-api/1.17.0/nifi-framework-core-api-1.17.0.jar:/Users/mac/.m2/repository/org/apache/nifi/nifi-framework-nar-utils/1.17.0/nifi-framework-nar-utils-1.17.0.jar:/Users/mac/.m2/repository/org/apache/nifi/nifi-runtime-manifest-core/1.17.0/nifi-runtime-manifest-core-1.17.0.jar:/Users/mac/.m2/repository/org/apache/nifi/nifi-extension-manifest-parser/1.17.0/nifi-extension-manifest-parser-1.17.0.jar:/Users/mac/.m2/repository/org/apache/nifi/nifi-client-dto/1.17.0/nifi-client-dto-1.17.0.jar:/Users/mac/.m2/repository/io/swagger/swagger-annotations/1.6.0/swagger-annotations-1.6.0.jar:/Users/mac/.m2/repository/org/apache/nifi/c2-protocol-component-api/1.17.0/c2-protocol-component-api-1.17.0.jar:/Users/mac/.m2/repository/org/apache/nifi/nifi-site-to-site-client/1.17.0/nifi-site-to-site-client-1.17.0.jar:/Users/mac/.m2/repository/org/apache/nifi/nifi-security-utils/1.17.0/nifi-security-utils-1.17.0.jar:/Users/mac/.m2/repository/org/apache/nifi/nifi-security-utils-api/1.17.0/nifi-security-utils-api-1.17.0.jar:/Users/mac/.m2/repository/org/bouncycastle/bcprov-jdk15on/1.70/bcprov-jdk15on-1.70.jar:/Users/mac/.m2/repository/org/bouncycastle/bcpkix-jdk15on/1.70/bcpkix-jdk15on-1.70.jar:/Users/mac/.m2/repository/org/bouncycastle/bcutil-jdk15on/1.70/bcutil-jdk15on-1.70.jar:/Users/mac/.m2/repository/org/apache/nifi/nifi-properties/1.17.0/nifi-properties-1.17.0.jar:/Users/mac/.m2/repository/org/apache/nifi/nifi-property-utils/1.17.0/nifi-property-utils-1.17.0.jar:/Users/mac/.m2/repository/at/favre/lib/bcrypt/0.9.0/bcrypt-0.9.0.jar:/Users/mac/.m2/repository/at/favre/lib/bytes/1.3.0/bytes-1.3.0.jar:/Users/mac/.m2/repository/org/apache/nifi/nifi-xml-processing/1.17.0/nifi-xml-processing-1.17.0.jar:/Users/mac/.m2/repository/org/apache/httpcomponents/httpclient/4.5.13/httpclient-4.5.13.jar:/Users/mac/.m2/repository/org/apache/httpcomponents/httpcore/4.4.15/httpcore-4.4.15.jar:/Users/mac/.m2/repository/org/apache/httpcomponents/httpasyncclient/4.1.4/httpasyncclient-4.1.4.jar:/Users/mac/.m2/repository/org/apache/httpcomponents/httpcore-nio/4.4.10/httpcore-nio-4.4.10.jar:/Users/mac/.m2/repository/org/apache/commons/commons-lang3/3.12.0/commons-lang3-3.12.0.jar:/Users/mac/.m2/repository/org/apache/nifi/nifi-framework-authorization/1.17.0/nifi-framework-authorization-1.17.0.jar:/Users/mac/.m2/repository/org/apache/nifi/registry/nifi-registry-data-model/1.17.0/nifi-registry-data-model-1.17.0.jar:/Users/mac/.m2/repository/javax/validation/validation-api/2.0.1.Final/validation-api-2.0.1.Final.jar:/Users/mac/.m2/repository/javax/ws/rs/javax.ws.rs-api/2.1/javax.ws.rs-api-2.1.jar:/Users/mac/.m2/repository/org/apache/nifi/registry/nifi-registry-revision-entity-model/1.17.0/nifi-registry-revision-entity-model-1.17.0.jar:/Users/mac/.m2/repository/org/apache/nifi/nifi-extension-manifest-model/1.17.0/nifi-extension-manifest-model-1.17.0.jar:/Users/mac/.m2/repository/org/apache/nifi/registry/nifi-registry-client/1.17.0/nifi-registry-client-1.17.0.jar:/Users/mac/.m2/repository/org/apache/nifi/registry/nifi-registry-security-utils/1.17.0/nifi-registry-security-utils-1.17.0.jar:/Users/mac/.m2/repository/org/glassfish/jersey/core/jersey-client/2.36/jersey-client-2.36.jar:/Users/mac/.m2/repository/jakarta/ws/rs/jakarta.ws.rs-api/2.1.6/jakarta.ws.rs-api-2.1.6.jar:/Users/mac/.m2/repository/org/glassfish/hk2/external/jakarta.inject/2.6.1/jakarta.inject-2.6.1.jar:/Users/mac/.m2/repository/org/glassfish/jersey/media/jersey-media-json-jackson/2.36/jersey-media-json-jackson-2.36.jar:/Users/mac/.m2/repository/org/glassfish/jersey/ext/jersey-entity-filtering/2.36/jersey-entity-filtering-2.36.jar:/Users/mac/.m2/repository/com/fasterxml/jackson/module/jackson-module-jaxb-annotations/2.13.3/jackson-module-jaxb-annotations-2.13.3.jar:/Users/mac/.m2/repository/jakarta/xml/bind/jakarta.xml.bind-api/2.3.3/jakarta.xml.bind-api-2.3.3.jar:/Users/mac/.m2/repository/jakarta/activation/jakarta.activation-api/1.2.1/jakarta.activation-api-1.2.1.jar:/Users/mac/.m2/repository/org/glassfish/jersey/inject/jersey-hk2/2.36/jersey-hk2-2.36.jar:/Users/mac/.m2/repository/org/glassfish/hk2/hk2-locator/2.6.1/hk2-locator-2.6.1.jar:/Users/mac/.m2/repository/org/glassfish/hk2/external/aopalliance-repackaged/2.6.1/aopalliance-repackaged-2.6.1.jar:/Users/mac/.m2/repository/org/glassfish/hk2/hk2-api/2.6.1/hk2-api-2.6.1.jar:/Users/mac/.m2/repository/org/glassfish/hk2/hk2-utils/2.6.1/hk2-utils-2.6.1.jar:/Users/mac/.m2/repository/org/javassist/javassist/3.25.0-GA/javassist-3.25.0-GA.jar:/Users/mac/.m2/repository/org/glassfish/jersey/core/jersey-common/2.36/jersey-common-2.36.jar:/Users/mac/.m2/repository/jakarta/annotation/jakarta.annotation-api/1.3.5/jakarta.annotation-api-1.3.5.jar:/Users/mac/.m2/repository/org/glassfish/hk2/osgi-resource-locator/1.0.3/osgi-resource-locator-1.0.3.jar:/Users/mac/.m2/repository/org/glassfish/jersey/media/jersey-media-multipart/2.36/jersey-media-multipart-2.36.jar:/Users/mac/.m2/repository/org/jvnet/mimepull/mimepull/1.9.13/mimepull-1.9.13.jar:/Users/mac/.m2/repository/org/apache/nifi/nifi-expression-language/1.17.0/nifi-expression-language-1.17.0.jar:/Users/mac/.m2/repository/org/antlr/antlr-runtime/3.5.2/antlr-runtime-3.5.2.jar:/Users/mac/.m2/repository/org/apache/nifi/nifi-uuid5/1.17.0/nifi-uuid5-1.17.0.jar:/Users/mac/.m2/repository/com/jayway/jsonpath/json-path/2.6.0/json-path-2.6.0.jar:/Users/mac/.m2/repository/net/minidev/json-smart/2.4.8/json-smart-2.4.8.jar:/Users/mac/.m2/repository/net/minidev/accessors-smart/2.4.8/accessors-smart-2.4.8.jar:/Users/mac/.m2/repository/org/ow2/asm/asm/9.1/asm-9.1.jar:/Users/mac/.m2/repository/com/fasterxml/jackson/core/jackson-databind/2.13.3/jackson-databind-2.13.3.jar:/Users/mac/.m2/repository/com/fasterxml/jackson/core/jackson-annotations/2.13.3/jackson-annotations-2.13.3.jar:/Users/mac/.m2/repository/com/fasterxml/jackson/core/jackson-core/2.13.3/jackson-core-2.13.3.jar:/Users/mac/.m2/repository/org/apache/commons/commons-text/1.8/commons-text-1.8.jar:/Users/mac/.m2/repository/org/apache/nifi/nifi-data-provenance-utils/1.17.0/nifi-data-provenance-utils-1.17.0.jar:/Users/mac/.m2/repository/org/slf4j/slf4j-simple/1.7.36/slf4j-simple-1.7.36.jar:/Users/mac/.m2/repository/org/slf4j/slf4j-api/1.7.36/slf4j-api-1.7.36.jar:/Users/mac/.m2/repository/org/junit/jupiter/junit-jupiter-api/5.8.2/junit-jupiter-api-5.8.2.jar:/Users/mac/.m2/repository/org/opentest4j/opentest4j/1.2.0/opentest4j-1.2.0.jar:/Users/mac/.m2/repository/org/junit/platform/junit-platform-commons/1.8.2/junit-platform-commons-1.8.2.jar:/Users/mac/.m2/repository/org/apiguardian/apiguardian-api/1.1.2/apiguardian-api-1.1.2.jar:/Users/mac/.m2/repository/org/junit/jupiter/junit-jupiter-engine/5.8.2/junit-jupiter-engine-5.8.2.jar:/Users/mac/.m2/repository/org/junit/platform/junit-platform-engine/1.8.2/junit-platform-engine-1.8.2.jar:/Users/mac/.m2/repository/org/apache/poi/poi/4.0.1/poi-4.0.1.jar:/Users/mac/.m2/repository/commons-codec/commons-codec/1.15/commons-codec-1.15.jar:/Users/mac/.m2/repository/org/apache/commons/commons-collections4/4.2/commons-collections4-4.2.jar:/Users/mac/.m2/repository/org/apache/commons/commons-math3/3.6.1/commons-math3-3.6.1.jar:/Users/mac/.m2/repository/org/junit/vintage/junit-vintage-engine/5.8.2/junit-vintage-engine-5.8.2.jar:/Users/mac/.m2/repository/junit/junit/4.13.2/junit-4.13.2.jar:/Users/mac/.m2/repository/org/hamcrest/hamcrest-core/1.3/hamcrest-core-1.3.jar:/Users/mac/.m2/repository/org/junit/jupiter/junit-jupiter-params/5.8.2/junit-jupiter-params-5.8.2.jar:/Users/mac/.m2/repository/org/mockito/mockito-core/3.11.2/mockito-core-3.11.2.jar:/Users/mac/.m2/repository/net/bytebuddy/byte-buddy/1.11.3/byte-buddy-1.11.3.jar:/Users/mac/.m2/repository/net/bytebuddy/byte-buddy-agent/1.11.3/byte-buddy-agent-1.11.3.jar:/Users/mac/.m2/repository/org/objenesis/objenesis/3.2/objenesis-3.2.jar:/Users/mac/.m2/repository/org/mockito/mockito-junit-jupiter/3.11.2/mockito-junit-jupiter-3.11.2.jar:/Users/mac/.m2/repository/org/codehaus/groovy/groovy-test/3.0.9/groovy-test-3.0.9.jar:/Users/mac/.m2/repository/org/codehaus/groovy/groovy/3.0.9/groovy-3.0.9.jar:"/>
    <property name="sun.cpu.endian" value="little"/>
    <property name="user.home" value="/Users/mac"/>
    <property name="user.language" value="en"/>
    <property name="java.specification.vendor" value="Oracle Corporation"/>
    <property name="java.home" value="/Library/Java/JavaVirtualMachines/jdk1.8.0_341.jdk/Contents/Home/jre"/>
    <property name="basedir" value="/Users/mac/Desktop/intellij-workspace/CustomProcessor2/nifi-customprocessor-processors"/>
    <property name="file.separator" value="/"/>
    <property name="line.separator" value="&#10;"/>
    <property name="java.vm.specification.vendor" value="Oracle Corporation"/>
    <property name="java.specification.name" value="Java Platform API Specification"/>
    <property name="java.awt.graphicsenv" value="sun.awt.CGraphicsEnvironment"/>
    <property name="java.awt.headless" value="true"/>
    <property name="surefire.real.class.path" value="/Users/mac/Desktop/intellij-workspace/CustomProcessor2/nifi-customprocessor-processors/target/surefire/surefirebooter-20230108041119911_3.jar"/>
    <property name="sun.boot.class.path" value="/Library/Java/JavaVirtualMachines/jdk1.8.0_341.jdk/Contents/Home/jre/lib/resources.jar:/Library/Java/JavaVirtualMachines/jdk1.8.0_341.jdk/Contents/Home/jre/lib/rt.jar:/Library/Java/JavaVirtualMachines/jdk1.8.0_341.jdk/Contents/Home/jre/lib/jsse.jar:/Library/Java/JavaVirtualMachines/jdk1.8.0_341.jdk/Contents/Home/jre/lib/jce.jar:/Library/Java/JavaVirtualMachines/jdk1.8.0_341.jdk/Contents/Home/jre/lib/charsets.jar:/Library/Java/JavaVirtualMachines/jdk1.8.0_341.jdk/Contents/Home/jre/lib/jfr.jar:/Library/Java/JavaVirtualMachines/jdk1.8.0_341.jdk/Contents/Home/jre/classes"/>
    <property name="sun.management.compiler" value="HotSpot 64-Bit Tiered Compilers"/>
    <property name="java.runtime.version" value="1.8.0_341-b10"/>
    <property name="user.name" value="mac"/>
    <property name="path.separator" value=":"/>
    <property name="os.version" value="10.15.3"/>
    <property name="java.endorsed.dirs" value="/Library/Java/JavaVirtualMachines/jdk1.8.0_341.jdk/Contents/Home/jre/lib/endorsed"/>
    <property name="java.runtime.name" value="Java(TM) SE Runtime Environment"/>
    <property name="file.encoding" value="UTF-8"/>
    <property name="java.vm.name" value="Java HotSpot(TM) 64-Bit Server VM"/>
    <property name="localRepository" value="/Users/mac/.m2/repository"/>
    <property name="java.vendor.url.bug" value="http://bugreport.sun.com/bugreport/"/>
    <property name="java.io.tmpdir" value="/var/folders/c7/drxl35191m158vyc0pvhwps80000gn/T/"/>
    <property name="idea.version" value="2021.3.2"/>
    <property name="java.version" value="1.8.0_341"/>
    <property name="user.dir" value="/Users/mac/Desktop/intellij-workspace/CustomProcessor2/nifi-customprocessor-processors"/>
    <property name="os.arch" value="x86_64"/>
    <property name="java.vm.specification.name" value="Java Virtual Machine Specification"/>
    <property name="java.awt.printerjob" value="sun.lwawt.macosx.CPrinterJob"/>
    <property name="sun.os.patch.level" value="unknown"/>
    <property name="java.library.path" value="/Users/mac/Library/Java/Extensions:/Library/Java/Extensions:/Network/Library/Java/Extensions:/System/Library/Java/Extensions:/usr/lib/java:."/>
    <property name="java.vm.info" value="mixed mode"/>
    <property name="java.vendor" value="Oracle Corporation"/>
    <property name="java.vm.version" value="25.341-b10"/>
    <property name="java.ext.dirs" value="/Users/mac/Library/Java/Extensions:/Library/Java/JavaVirtualMachines/jdk1.8.0_341.jdk/Contents/Home/jre/lib/ext:/Library/Java/Extensions:/Network/Library/Java/Extensions:/System/Library/Java/Extensions:/usr/lib/java"/>
    <property name="sun.io.unicode.encoding" value="UnicodeBig"/>
    <property name="java.class.version" value="52.0"/>
  </properties>
  <testcase name="testProcessor" classname="org.anagracetech.processors.customprocessor.MyProcessorTest" time="0.131"/>
</testsuite>